<?xml version="1.0" encoding="UTF-8"?>
<!-- Generated by org.testng.reporters.JUnitXMLReporter -->
<testsuite ignored="0" hostname="Dell" failures="0" tests="5" name="Default test" time="0.114" errors="0" timestamp="2022-01-22T17:15:49 EST">
  <testcase classname="tests.Testing1" name="f" time="0.01"/>
  <testcase classname="tests.Testing1" name="f" time="0.002"/>
  <testcase classname="tests.Testing1" name="test1" time="0.005"/>
  <testcase classname="tests.Testing1" name="test2" time="0.002"/>
  <testcase classname="tests.Testing1" name="test3" time="0.002"/>
</testsuite> <!-- Default test -->
