<?xml version="1.0" encoding="UTF-8"?>
<testsuite xmlns:xsi="http://www.w3.org/2001/XMLSchema-instance" xsi:noNamespaceSchemaLocation="https://maven.apache.org/surefire/maven-surefire-plugin/xsd/surefire-test-report.xsd" name="TestSuite" time="2.72" tests="11" errors="0" skipped="2" failures="1">
  <properties>
[...]
</properties>
  <testcase name="f" classname="tests.Testing1" time="0.005"/>
  <testcase name="f" classname="tests.Testing1" time="0"/>
  <testcase name="test1" classname="tests.Testing1" time="0.007"/>
  <testcase name="test2" classname="tests.Testing1" time="0.001"/>
  <testcase name="test3" classname="tests.Testing1" time="0.001"/>
  <testcase name="test4" classname="tests.Testing2" time="0.004"/>
  <testcase name="test5" classname="tests.Testing2" time="0.001"/>
  <testcase name="createUser" classname="tests.Testing3" time="0.058">
    <failure message="Verifying Element expected [true] but found [false]" type="java.lang.AssertionError">java.lang.AssertionError: Verifying Element expected [true] but found [false]
	at tests.Testing3.createUser(Testing3.java:19)
</failure>
    <system-out><![CDATA[I am in home test
Before Assertion
]]></system-out>
  </testcase>
  <testcase name="editUser" classname="tests.Testing3" time="0">
    <skipped message="Method Testing3.editUser()[pri:2, instance:tests.Testing3@543788f3] depends on not successfully finished methods"/>
  </testcase>
  <testcase name="deleteUser" classname="tests.Testing3" time="0">
    <skipped message="Method Testing3.deleteUser()[pri:3, instance:tests.Testing3@543788f3] depends on not successfully finished methods"/>
  </testcase>
  <testcase name="shouldAnswerWithTrue on shouldAnswerWithTrue(tests.AppTest)" classname="tests.AppTest" time="0.004"/>
</testsuite>