-------------------------------------------------------------------------------
Test set: TestSuite
-------------------------------------------------------------------------------
Tests run: 11, Failures: 1, Errors: 0, Skipped: 2, Time elapsed: 2.72 s <<< FAILURE! - in TestSuite
createUser(tests.Testing3)  Time elapsed: 0.058 s  <<< FAILURE!
java.lang.AssertionError: Verifying Element expected [true] but found [false]
	at tests.Testing3.createUser(Testing3.java:19)

